2026-03-01 16:06:34,373:pipeline:INFO:=== Pipeline start: 2026-03-01 ===
2026-03-01 16:06:34,373:pipeline:INFO:[1/3] Crawling...
2026-03-01 16:06:34,373:pipeline:INFO:Crawling studenac for 2026-03-01...
2026-03-01 16:06:34,396:crawler.store.base:INFO:Downloading binary file from https://www.studenac.hr/cjenici/PROIZVODI-2026-03-01.zip
2026-03-01 16:06:34,746:httpx:INFO:HTTP Request: GET https://www.studenac.hr/cjenici/PROIZVODI-2026-03-01.zip "HTTP/1.1 200 OK"
2026-03-01 16:06:41,274:crawler.store.studenac:INFO:Skipping store T993 Zaton - not in target cities
2026-03-01 16:06:41,543:crawler.store.studenac:INFO:Skipping store T598 Funtana - not in target cities
2026-03-01 16:06:42,147:crawler.store.studenac:INFO:Skipping store T856 Slunj - not in target cities
2026-03-01 16:06:42,857:crawler.store.studenac:INFO:Skipping store 1078 Sisak - not in target cities
2026-03-01 16:06:43,479:crawler.store.studenac:INFO:Skipping store 1611 Jelsa - not in target cities
2026-03-01 16:06:44,000:crawler.store.studenac:INFO:Skipping store 1351 Pregrada - not in target cities
2026-03-01 16:06:44,563:crawler.store.studenac:INFO:Skipping store T335 Cista Provo - not in target cities
2026-03-01 16:06:45,215:crawler.store.studenac:INFO:Skipping store 1010 Kutina - not in target cities
2026-03-01 16:06:45,862:crawler.store.studenac:INFO:Skipping store T779 Komiža - not in target cities
2026-03-01 16:06:46,399:crawler.store.studenac:INFO:Skipping store T127 Ploče - not in target cities
2026-03-01 16:06:47,507:crawler.store.studenac:INFO:Skipping store T783 Grohote - not in target cities
2026-03-01 16:06:48,037:crawler.store.studenac:INFO:Skipping store T544 Buzet - not in target cities
2026-03-01 16:06:48,638:crawler.store.studenac:INFO:Skipping store 1062 Petrinja - not in target cities
2026-03-01 16:06:49,253:crawler.store.studenac:INFO:Skipping store 1042 Popovača - not in target cities
2026-03-01 16:06:49,791:crawler.store.studenac:INFO:Skipping store T053 Imotski - not in target cities
2026-03-01 16:06:50,346:crawler.store.studenac:INFO:Skipping store 1350 Sveti Križ Začretje - not in target cities
2026-03-01 16:06:52,003:crawler.store.studenac:INFO:Skipping store T100 Omiš - not in target cities
2026-03-01 16:06:52,703:crawler.store.studenac:INFO:Skipping store T845 Močići - not in target cities
2026-03-01 16:06:52,880:pipeline:INFO:Crawling lidl for 2026-03-01...
2026-03-01 16:06:53,474:httpx:INFO:HTTP Request: GET https://tvrtka.lidl.hr/cijene "HTTP/1.1 200 OK"
2026-03-01 16:06:53,485:crawler.store.base:INFO:Downloading binary file from https://tvrtka.lidl.hr/content/download/155632/fileupload/Popis_cijena_po_trgovinama_na_dan_01_03_2026.zip
2026-03-01 16:06:53,691:httpx:INFO:HTTP Request: GET https://tvrtka.lidl.hr/content/download/155632/fileupload/Popis_cijena_po_trgovinama_na_dan_01_03_2026.zip "HTTP/1.1 200 OK"
2026-03-01 16:06:55,734:crawler.store.lidl:INFO:Parsed store: Lidl Sveta Nedelja, supermarket, Sveta Nedelja, Vojvodići 1, 10431
2026-03-01 16:06:55,734:crawler.store.lidl:INFO:Skipping store 202 Sveta Nedelja - not in target cities
2026-03-01 16:06:55,737:crawler.store.lidl:INFO:Parsed store: Lidl Zagreb, supermarket, Zagreb, Slavenskog 1, 10000
2026-03-01 16:06:55,852:crawler.store.lidl:INFO:Parsed store: Lidl Rijeka, supermarket, Rijeka, Radnička 35, 51000
2026-03-01 16:06:55,852:crawler.store.lidl:INFO:Skipping store 216 Rijeka - not in target cities
2026-03-01 16:06:55,856:crawler.store.lidl:INFO:Parsed store: Lidl Krapina, supermarket, Krapina, Ulica Frana Galovića 7 A, 49000
2026-03-01 16:06:55,856:crawler.store.lidl:INFO:Skipping store 220 Krapina - not in target cities
2026-03-01 16:06:55,859:crawler.store.lidl:INFO:Parsed store: Lidl Zaprešić, supermarket, Zaprešić, Ulica Kardinala Alojzija Stepinca 64, 10290
2026-03-01 16:06:55,859:crawler.store.lidl:INFO:Skipping store 225 Zaprešić - not in target cities
2026-03-01 16:06:55,862:crawler.store.lidl:INFO:Parsed store: Lidl Viškovo, supermarket, Viškovo, Furićevo 23, 51216
2026-03-01 16:06:55,862:crawler.store.lidl:INFO:Skipping store 226 Viškovo - not in target cities
2026-03-01 16:06:55,865:crawler.store.lidl:INFO:Parsed store: Lidl Velika Gorica, supermarket, Velika Gorica, Sisačka Ulica 39D, 10410
2026-03-01 16:06:55,865:crawler.store.lidl:INFO:Skipping store 243 Velika Gorica - not in target cities
2026-03-01 16:06:55,869:crawler.store.lidl:INFO:Parsed store: Lidl Zagreb, supermarket, Zagreb, Ilica 201, 10000
2026-03-01 16:06:55,869:crawler.store.lidl:INFO:Skipping store 246 Zagreb - already have 1 store(s)
2026-03-01 16:06:55,872:crawler.store.lidl:INFO:Parsed store: Lidl Split, supermarket, Split, Vukovarska Ulica 190, 21000
2026-03-01 16:06:55,872:crawler.store.lidl:INFO:Skipping store 253 Split - not in target cities
2026-03-01 16:06:55,875:crawler.store.lidl:INFO:Parsed store: Lidl Split, supermarket, Split, Put Lore 4, 21000
2026-03-01 16:06:55,875:crawler.store.lidl:INFO:Skipping store 130 Split - not in target cities
2026-03-01 16:06:55,879:crawler.store.lidl:INFO:Parsed store: Lidl Karlovac, supermarket, Karlovac, Marmontova Aleja 6, 47000
2026-03-01 16:06:55,879:crawler.store.lidl:INFO:Skipping store 143 Karlovac - not in target cities
2026-03-01 16:06:55,882:crawler.store.lidl:INFO:Parsed store: Lidl Zagreb, supermarket, Zagreb, Ive Robića 4, 10000
2026-03-01 16:06:55,882:crawler.store.lidl:INFO:Skipping store 198 Zagreb - already have 1 store(s)
2026-03-01 16:06:57,224:pipeline:INFO:Archive created: output/2026-03-01.zip
2026-03-01 16:06:57,224:pipeline:INFO:  studenac: 2 stores, 12250 products, 18275 prices (18.5s)
2026-03-01 16:06:57,224:pipeline:INFO:  lidl: 1 stores, 6370 products, 13164 prices (3.1s)
2026-03-01 16:06:57,224:pipeline:INFO:[2/3] Importing...
2026-03-01 16:07:00,809:service.db.psql:WARNING:Schema execution warning: text search dictionary "unaccent" does not exist
2026-03-01 16:07:00,810:service.db.psql:INFO:Database tables created successfully
2026-03-01 16:07:50,550:importer:INFO:Imported 0 new prices for tommy
2026-03-01 16:08:10,957:importer:INFO:Imported 0 new prices for studenac
2026-03-01 16:08:27,916:importer:INFO:Imported 0 new prices for ribola
2026-03-01 16:10:41,141:importer:INFO:Imported 0 new prices for konzum
2026-03-01 16:10:59,044:importer:INFO:Imported 0 new prices for lidl
2026-03-01 16:12:42,372:importer:INFO:Imported 0 new prices for metro
2026-03-01 16:12:42,372:importer:INFO:Imported 6 chains in 341 seconds
2026-03-01 16:12:42,372:stats:INFO:Computing statistics for 2026-03-01
2026-03-01 16:12:47,378:stats:INFO:Computed statistics for 2026-03-01 in 5 seconds
2026-03-01 16:12:47,494:pipeline:INFO:Import completed in 350s
2026-03-01 16:12:47,494:pipeline:INFO:[3/3] Email skipped (--skip-email)
2026-03-01 16:12:47,494:pipeline:INFO:=== Pipeline complete: 2026-03-01 ===
